<?xml version="1.0" encoding="UTF-8"?>
<!-- Generated by org.testng.reporters.JUnitReportReporter -->
<testsuite hostname="dayah.local" name="runner.toolsQaRunner" tests="1" failures="0" timestamp="15 Feb 2019 10:33:16 GMT" time="52.528" errors="0">
  <testcase name="feature" time="52.528" classname="runner.toolsQaRunner"/>
</testsuite> <!-- runner.toolsQaRunner -->
