<?xml version="1.0" encoding="UTF-8"?>
<!-- Generated by org.testng.reporters.JUnitReportReporter -->
<testsuite skipped="0" hostname="dayah.local" name="runner.toolsQaRunner" tests="1" failures="0" timestamp="15 Feb 2019 11:36:06 GMT" time="35.526" errors="0">
  <testcase name="feature" time="35.526" classname="runner.toolsQaRunner"/>
</testsuite> <!-- runner.toolsQaRunner -->
